0 info it worked if it ends with ok
1 verbose cli [ 'C:\\Program Files\\nodejs\\node.exe',
1 verbose cli   'C:\\Program Files\\nodejs\\node_modules\\npm\\bin\\npm-cli.js',
1 verbose cli   'run',
1 verbose cli   'build' ]
2 info using npm@3.10.8
3 info using node@v6.9.1
4 verbose run-script [ 'prebuild', 'build', 'postbuild' ]
5 info lifecycle loyee-webapp@1.0.0~prebuild: loyee-webapp@1.0.0
6 silly lifecycle loyee-webapp@1.0.0~prebuild: no script for prebuild, continuing
7 info lifecycle loyee-webapp@1.0.0~build: loyee-webapp@1.0.0
8 verbose lifecycle loyee-webapp@1.0.0~build: unsafe-perm in lifecycle true
9 verbose lifecycle loyee-webapp@1.0.0~build: PATH: C:\Program Files\nodejs\node_modules\npm\bin\node-gyp-bin;D:\xampp\htdocs\loyee-webapp\node_modules\.bin;C:\ProgramData\Oracle\Java\javapath;C:\WINDOWS\system32;C:\WINDOWS;C:\WINDOWS\System32\Wbem;C:\WINDOWS\System32\WindowsPowerShell\v1.0\;C:\Program Files (x86)\ATI Technologies\ATI.ACE\Core-Static;D:\java\jdk\bin;D:\java\jdk\jre\bin;D:\xampp\php;C:\Program Files\nodejs\;C:\Program Files\TortoiseSVN\bin;C:\Program Files\TortoiseGit\bin;C:\Program Files (x86)\Git\cmd;C:\WINDOWS\system32\config\systemprofile\.dnx\bin;C:\Program Files\Microsoft DNX\Dnvm\;C:\Program Files\Microsoft SQL Server\120\Tools\Binn\;C:\Program Files\Microsoft SQL Server\130\Tools\Binn\;C:\Program Files (x86)\GtkSharp\2.12\bin;C:\Users\lenovo\AppData\Roaming\npm;%USERPROFILE%\AppData\Local\Microsoft\WindowsApps;
10 verbose lifecycle loyee-webapp@1.0.0~build: CWD: D:\xampp\htdocs\loyee-webapp
11 silly lifecycle loyee-webapp@1.0.0~build: Args: [ '/d /s /c', 'webpack --watch' ]
12 silly lifecycle loyee-webapp@1.0.0~build: Returned: code: 3221225786  signal: null
13 info lifecycle loyee-webapp@1.0.0~build: Failed to exec build script
14 verbose stack Error: loyee-webapp@1.0.0 build: `webpack --watch`
14 verbose stack Exit status 3221225786
14 verbose stack     at EventEmitter.<anonymous> (C:\Program Files\nodejs\node_modules\npm\lib\utils\lifecycle.js:255:16)
14 verbose stack     at emitTwo (events.js:106:13)
14 verbose stack     at EventEmitter.emit (events.js:191:7)
14 verbose stack     at ChildProcess.<anonymous> (C:\Program Files\nodejs\node_modules\npm\lib\utils\spawn.js:40:14)
14 verbose stack     at emitTwo (events.js:106:13)
14 verbose stack     at ChildProcess.emit (events.js:191:7)
14 verbose stack     at maybeClose (internal/child_process.js:877:16)
14 verbose stack     at Process.ChildProcess._handle.onexit (internal/child_process.js:226:5)
15 verbose pkgid loyee-webapp@1.0.0
16 verbose cwd D:\xampp\htdocs\loyee-webapp\src
17 error Windows_NT 10.0.14393
18 error argv "C:\\Program Files\\nodejs\\node.exe" "C:\\Program Files\\nodejs\\node_modules\\npm\\bin\\npm-cli.js" "run" "build"
19 error node v6.9.1
20 error npm  v3.10.8
21 error code ELIFECYCLE
22 error loyee-webapp@1.0.0 build: `webpack --watch`
22 error Exit status 3221225786
23 error Failed at the loyee-webapp@1.0.0 build script 'webpack --watch'.
23 error Make sure you have the latest version of node.js and npm installed.
23 error If you do, this is most likely a problem with the loyee-webapp package,
23 error not with npm itself.
23 error Tell the author that this fails on your system:
23 error     webpack --watch
23 error You can get information on how to open an issue for this project with:
23 error     npm bugs loyee-webapp
23 error Or if that isn't available, you can get their info via:
23 error     npm owner ls loyee-webapp
23 error There is likely additional logging output above.
24 verbose exit [ 1, true ]
